<?xml version="1.0" encoding="UTF-8"?>
<testsuite name="Loan Simulator" tests="11" skipped="0" failures="0" errors="0" timestamp="2024-11-17T17:37:10" hostname="MacBook-Pro-de-Juan-2.local" time="49.884">
  <properties/>
  <testcase name="Calculate the monthly payment of a loan #1" classname="Loan Simulator" time="9.758"/>
  <testcase name="Calculate the monthly payment of a loan #2" classname="Loan Simulator" time="3.766"/>
  <testcase name="Calculate the monthly payment of a loan #3" classname="Loan Simulator" time="4.857"/>
  <testcase name="Calculate the monthly payment of a loan #4" classname="Loan Simulator" time="3.875"/>
  <testcase name="Calculate the monthly payment of a loan with a value lower than 400000 #1" classname="Loan Simulator" time="3.9"/>
  <testcase name="Calculate the monthly payment of a loan with a value lower than 400000 #2" classname="Loan Simulator" time="3.773"/>
  <testcase name="Calculate the monthly payment of a loan with a value lower than 400000 #3" classname="Loan Simulator" time="4.131"/>
  <testcase name="Calculate the monthly payment of a loan with a value higher than 400000 using a model #1" classname="Loan Simulator" time="3.685"/>
  <testcase name="Calculate the monthly payment of a loan with a value higher than 400000 using a model #2" classname="Loan Simulator" time="4.184"/>
  <testcase name="Calculate the monthly payment of a loan with a value higher than 400000 using a model #3" classname="Loan Simulator" time="3.788"/>
  <testcase name="Calculate the monthly payment of a loan with a value higher than 400000 using a model #4" classname="Loan Simulator" time="4.167"/>
  <system-out><![CDATA[amount: 1000000
payments: 36 meses
ChooseDropdownValue: 36 meses
amount: 1000000
payments: 48 meses
ChooseDropdownValue: 48 meses
amount: 1000000
payments: 60 meses
ChooseDropdownValue: 60 meses
amount: 1000000
payments: 72 meses
ChooseDropdownValue: 72 meses
amount: 1
payments: 36 meses
ChooseDropdownValue: 36 meses
amount: 200000
payments: 60 meses
ChooseDropdownValue: 60 meses
amount: 300000
payments: 72 meses
ChooseDropdownValue: 72 meses
ChooseDropdownValue: 36 meses
ChooseDropdownValue: 48 meses
ChooseDropdownValue: 60 meses
ChooseDropdownValue: 72 meses
]]></system-out>
  <system-err><![CDATA[Nov 17, 2024 12:37:13 PM org.openqa.selenium.devtools.CdpVersionFinder findNearestMatch
WARNING: Unable to find CDP implementation matching 130
Nov 17, 2024 12:37:13 PM org.openqa.selenium.chromium.ChromiumDriver lambda$new$5
WARNING: Unable to find version of CDP to use for 130.0.6723.119. You may need to include a dependency on a specific version of the CDP using something similar to `org.seleniumhq.selenium:selenium-devtools-v86:4.16.1` where the version ("v86") matches the version of the chromium-based browser you're using and the version number of the artifact is the same as Selenium's.
]]></system-err>
</testsuite>
